<?xml version="1.0" encoding="UTF-8"?>
<testng-results skipped="0" failed="0" total="1" passed="1">
  <reporter-output>
    <line>
      <![CDATA[<strong> <h3 style="color:DarkViolet"> To verify that user is able to checkout with all valid fields </h3> </strong>]]>
    </line>
    <line>
      <![CDATA[<strong> <h3 style="color:DarkViolet"> --------------------------------------------------------------------------</h3> </strong>]]>
    </line>
    <line>
      <![CDATA[<br><strong>Step 1. open : http://toolsqa.com</strong></br>]]>
    </line>
    <line>
      <![CDATA[<br><strong>Step 2. click on Demo Sites Menu</strong></br>]]>
    </line>
    <line>
      <![CDATA[<br><strong>Step 3. click on E Commerce Demo site link</strong></br>]]>
    </line>
    <line>
      <![CDATA[</br>--->  E Commerce Demo site Home page is opened  <---]]>
    </line>
    <line>
      <![CDATA[<br><strong>Step 4. Mouse Hover on Product Category</strong></br>]]>
    </line>
    <line>
      <![CDATA[<br><strong>Step 5. Click on ipads link</strong></br>]]>
    </line>
    <line>
      <![CDATA[<br><strong>Step 6. Click on any product and open the product detail page</strong></br>]]>
    </line>
    <line>
      <![CDATA[<br><strong>Step 7. Add product to the CART</strong></br>]]>
    </line>
    <line>
      <![CDATA[<br><strong>Step 8. Open the Cart</strong></br>]]>
    </line>
    <line>
      <![CDATA[<br><Strong><font color=#009000>Verify that product added to the cart</font></strong></br>]]>
    </line>
    <line>
      <![CDATA[</br>---> Product is added to the cart <---]]>
    </line>
    <line>
      <![CDATA[<br><strong>Step 9. Update the quantity of the product from 1 to 2</strong></br>]]>
    </line>
    <line>
      <![CDATA[<br><strong>Step 10. Click on Update Button</strong></br>]]>
    </line>
    <line>
      <![CDATA[</br>---> Click on Update button  <---]]>
    </line>
    <line>
      <![CDATA[<br><Strong><font color=#009000>Verify that the product quality has been updated in the cart</font></strong></br>]]>
    </line>
    <line>
      <![CDATA[</br>---> Product quantity is upadted into the cart <---]]>
    </line>
    <line>
      <![CDATA[<br><strong>Step 11. Click on Continue Button</strong></br>]]>
    </line>
    <line>
      <![CDATA[<br><strong>Step 12. Enter Email Address in Billing Information</strong></br>]]>
    </line>
    <line>
      <![CDATA[</br>--->Enter Valid Emailid = kiwiqatestvipul@gmail.com <---]]>
    </line>
    <line>
      <![CDATA[<br><strong>Step 13. Enter Your billing/contact details</strong></br>]]>
    </line>
    <line>
      <![CDATA[</br>--->Enter Valid FirstName = vipul <---]]>
    </line>
    <line>
      <![CDATA[</br>--->Enter Valid LastName = patel <---]]>
    </line>
    <line>
      <![CDATA[</br>--->Enter Valid Address = 01 kiwiqa service ltd. <---]]>
    </line>
    <line>
      <![CDATA[</br>--->Enter Valid City =  Ahmedabad <---]]>
    </line>
    <line>
      <![CDATA[</br>--->Enter Valid state/Province = Gujrat <---]]>
    </line>
    <line>
      <![CDATA[</br>--->Enter Valid state/Province = India <---]]>
    </line>
    <line>
      <![CDATA[</br>--->Enter Valid state/Province = 384265 <---]]>
    </line>
    <line>
      <![CDATA[</br>--->Enter Valid state/Province = 1234567890 <---]]>
    </line>
    <line>
      <![CDATA[<br><strong>Step 14. Enter Shipping Address Information/Details</strong></br>]]>
    </line>
    <line>
      <![CDATA[</br>---> Chose Shipping Address same as Billing Address <---]]>
    </line>
    <line>
      <![CDATA[<br><strong>Step 15. Click on Purchase Button</strong></br>]]>
    </line>
    <line>
      <![CDATA[</br>---> Click on purchase button  <---]]>
    </line>
    <line>
      <![CDATA[<br><strong>Order placed successfully</strong></br>]]>
    </line>
    <line>
      <![CDATA[</br><br><Strong><font color=#008000>Pass</font></strong></br>]]>
    </line>
  </reporter-output>
  <suite name="Demo Frame Work- Test Suite 1" duration-ms="215976" started-at="2018-08-16T10:57:39Z" finished-at="2018-08-16T11:01:15Z">
    <groups>
    </groups>
    <test name="Test Script :: 01" duration-ms="215976" started-at="2018-08-16T10:57:39Z" finished-at="2018-08-16T11:01:15Z">
      <class name="com.index.GeneralIndex">
        <test-method status="PASS" signature="fetchSuiteConfiguration(org.testng.ITestContext)[pri:0, instance:com.index.GeneralIndex@724af044]" name="fetchSuiteConfiguration" is-config="true" duration-ms="9" started-at="2018-08-16T16:27:39Z" finished-at="2018-08-16T16:27:39Z">
          <params>
            <param index="0">
              <value>
                <![CDATA[org.testng.TestRunner@192b07fd]]>
              </value>
            </param>
          </params>
          <reporter-output>
          </reporter-output>
        </test-method> <!-- fetchSuiteConfiguration -->
        <test-method status="PASS" signature="setUp(java.lang.reflect.Method, org.testng.ITestContext)[pri:0, instance:com.index.GeneralIndex@724af044]" name="setUp" is-config="true" duration-ms="14253" started-at="2018-08-16T16:27:39Z" finished-at="2018-08-16T16:27:54Z">
          <params>
            <param index="0">
              <value>
                <![CDATA[public void com.index.GeneralIndex.purchaseorcheckout()]]>
              </value>
            </param>
            <param index="1">
              <value>
                <![CDATA[org.testng.TestRunner@192b07fd]]>
              </value>
            </param>
          </params>
          <reporter-output>
          </reporter-output>
        </test-method> <!-- setUp -->
        <test-method status="PASS" signature="purchaseorcheckout()[pri:0, instance:com.index.GeneralIndex@724af044]" name="purchaseorcheckout" duration-ms="191024" started-at="2018-08-16T16:27:54Z" finished-at="2018-08-16T16:31:05Z">
          <reporter-output>
            <line>
              <![CDATA[<strong> <h3 style="color:DarkViolet"> To verify that user is able to checkout with all valid fields </h3> </strong>]]>
            </line>
            <line>
              <![CDATA[<strong> <h3 style="color:DarkViolet"> --------------------------------------------------------------------------</h3> </strong>]]>
            </line>
            <line>
              <![CDATA[<br><strong>Step 1. open : http://toolsqa.com</strong></br>]]>
            </line>
            <line>
              <![CDATA[<br><strong>Step 2. click on Demo Sites Menu</strong></br>]]>
            </line>
            <line>
              <![CDATA[<br><strong>Step 3. click on E Commerce Demo site link</strong></br>]]>
            </line>
            <line>
              <![CDATA[</br>--->  E Commerce Demo site Home page is opened  <---]]>
            </line>
            <line>
              <![CDATA[<br><strong>Step 4. Mouse Hover on Product Category</strong></br>]]>
            </line>
            <line>
              <![CDATA[<br><strong>Step 5. Click on ipads link</strong></br>]]>
            </line>
            <line>
              <![CDATA[<br><strong>Step 6. Click on any product and open the product detail page</strong></br>]]>
            </line>
            <line>
              <![CDATA[<br><strong>Step 7. Add product to the CART</strong></br>]]>
            </line>
            <line>
              <![CDATA[<br><strong>Step 8. Open the Cart</strong></br>]]>
            </line>
            <line>
              <![CDATA[<br><Strong><font color=#009000>Verify that product added to the cart</font></strong></br>]]>
            </line>
            <line>
              <![CDATA[</br>---> Product is added to the cart <---]]>
            </line>
            <line>
              <![CDATA[<br><strong>Step 9. Update the quantity of the product from 1 to 2</strong></br>]]>
            </line>
            <line>
              <![CDATA[<br><strong>Step 10. Click on Update Button</strong></br>]]>
            </line>
            <line>
              <![CDATA[</br>---> Click on Update button  <---]]>
            </line>
            <line>
              <![CDATA[<br><Strong><font color=#009000>Verify that the product quality has been updated in the cart</font></strong></br>]]>
            </line>
            <line>
              <![CDATA[</br>---> Product quantity is upadted into the cart <---]]>
            </line>
            <line>
              <![CDATA[<br><strong>Step 11. Click on Continue Button</strong></br>]]>
            </line>
            <line>
              <![CDATA[<br><strong>Step 12. Enter Email Address in Billing Information</strong></br>]]>
            </line>
            <line>
              <![CDATA[</br>--->Enter Valid Emailid = kiwiqatestvipul@gmail.com <---]]>
            </line>
            <line>
              <![CDATA[<br><strong>Step 13. Enter Your billing/contact details</strong></br>]]>
            </line>
            <line>
              <![CDATA[</br>--->Enter Valid FirstName = vipul <---]]>
            </line>
            <line>
              <![CDATA[</br>--->Enter Valid LastName = patel <---]]>
            </line>
            <line>
              <![CDATA[</br>--->Enter Valid Address = 01 kiwiqa service ltd. <---]]>
            </line>
            <line>
              <![CDATA[</br>--->Enter Valid City =  Ahmedabad <---]]>
            </line>
            <line>
              <![CDATA[</br>--->Enter Valid state/Province = Gujrat <---]]>
            </line>
            <line>
              <![CDATA[</br>--->Enter Valid state/Province = India <---]]>
            </line>
            <line>
              <![CDATA[</br>--->Enter Valid state/Province = 384265 <---]]>
            </line>
            <line>
              <![CDATA[</br>--->Enter Valid state/Province = 1234567890 <---]]>
            </line>
            <line>
              <![CDATA[<br><strong>Step 14. Enter Shipping Address Information/Details</strong></br>]]>
            </line>
            <line>
              <![CDATA[</br>---> Chose Shipping Address same as Billing Address <---]]>
            </line>
            <line>
              <![CDATA[<br><strong>Step 15. Click on Purchase Button</strong></br>]]>
            </line>
            <line>
              <![CDATA[</br>---> Click on purchase button  <---]]>
            </line>
            <line>
              <![CDATA[<br><strong>Order placed successfully</strong></br>]]>
            </line>
            <line>
              <![CDATA[</br><br><Strong><font color=#008000>Pass</font></strong></br>]]>
            </line>
          </reporter-output>
        </test-method> <!-- purchaseorcheckout -->
        <test-method status="PASS" signature="tearDown(org.testng.ITestResult)[pri:0, instance:com.index.GeneralIndex@724af044]" name="tearDown" is-config="true" duration-ms="10674" started-at="2018-08-16T16:31:05Z" finished-at="2018-08-16T16:31:15Z">
          <params>
            <param index="0">
              <value>
                <![CDATA[[TestResult name=purchaseorcheckout status=SUCCESS method=GeneralIndex.purchaseorcheckout()[pri:0, instance:com.index.GeneralIndex@724af044] output=<strong> <h3 style="color:DarkViolet"> To verify that user is able to checkout with all valid fields </h3> </strong>]]]>
              </value>
            </param>
          </params>
          <reporter-output>
          </reporter-output>
        </test-method> <!-- tearDown -->
      </class> <!-- com.index.GeneralIndex -->
    </test> <!-- Test Script :: 01 -->
  </suite> <!-- Demo Frame Work- Test Suite 1 -->
</testng-results>
