<?xml version="1.0" encoding="UTF-8"?>
<testsuite xmlns:xsi="http://www.w3.org/2001/XMLSchema-instance" xsi:schemaLocation="https://maven.apache.org/surefire/maven-surefire-plugin/xsd/surefire-test-report.xsd" name="TestSuite" time="636.361" tests="9" errors="0" skipped="0" failures="2">
  <properties>
[...]
</properties>
  <testcase name="blankfields" classname="com.index.GeneralIndex" time="10.279"/>
  <testcase name="phonefield_minimum_length" classname="com.index.GeneralIndex" time="16.153"/>
  <testcase name="password_minimum_length" classname="com.index.GeneralIndex" time="15.485"/>
  <testcase name="passwordnotmatch" classname="com.index.GeneralIndex" time="13.76"/>
  <testcase name="invalidemailid" classname="com.index.GeneralIndex" time="10.588"/>
  <testcase name="allvaliddata" classname="com.index.GeneralIndex" time="79.08">
    <failure message="no such element: Unable to locate element: {&quot;method&quot;:&quot;xpath&quot;,&quot;selector&quot;:&quot;//p[contains(text(),&apos;Thank you for your registration&apos;)]&quot;}&#10;  (Session info: chrome=67.0.3396.99)&#10;  (Driver info: chromedriver=2.40.565498 (ea082db3280dd6843ebfb08a625e3eb905c4f5ab),platform=Windows NT 6.1.7601 SP1 x86_64) (WARNING: The server did not provide any stacktrace information)&#10;Command duration or timeout: 0 milliseconds&#10;For documentation on this error, please visit: http://seleniumhq.org/exceptions/no_such_element.html&#10;Build info: version: &apos;3.13.0&apos;, revision: &apos;2f0d292&apos;, time: &apos;2018-06-25T15:24:21.231Z&apos;&#10;System info: host: &apos;DELL-PC&apos;, ip: &apos;192.168.1.114&apos;, os.name: &apos;Windows 7&apos;, os.arch: &apos;amd64&apos;, os.version: &apos;6.1&apos;, java.version: &apos;1.8.0_161&apos;&#10;Driver info: org.openqa.selenium.chrome.ChromeDriver&#10;Capabilities {acceptInsecureCerts: false, acceptSslCerts: false, applicationCacheEnabled: false, browserConnectionEnabled: false, browserName: chrome, chrome: {chromedriverVersion: 2.40.565498 (ea082db3280dd6..., userDataDir: C:\Users\DELL\AppData\Local...}, cssSelectorsEnabled: true, databaseEnabled: false, handlesAlerts: true, hasTouchScreen: false, javascriptEnabled: true, locationContextEnabled: true, mobileEmulationEnabled: false, nativeEvents: true, networkConnectionEnabled: false, pageLoadStrategy: normal, platform: XP, platformName: XP, rotatable: false, setWindowRect: true, takesHeapSnapshot: true, takesScreenshot: true, unexpectedAlertBehaviour: , unhandledPromptBehavior: , version: 67.0.3396.99, webStorageEnabled: true}&#10;Session ID: f1859b41a6541df51a980b8a7093cacb&#10;*** Element info: {Using=xpath, value=//p[contains(text(),&apos;Thank you for your registration&apos;)]}" type="org.openqa.selenium.NoSuchElementException">org.openqa.selenium.NoSuchElementException: 
no such element: Unable to locate element: {"method":"xpath","selector":"//p[contains(text(),'Thank you for your registration')]"}
  (Session info: chrome=67.0.3396.99)
  (Driver info: chromedriver=2.40.565498 (ea082db3280dd6843ebfb08a625e3eb905c4f5ab),platform=Windows NT 6.1.7601 SP1 x86_64) (WARNING: The server did not provide any stacktrace information)
Command duration or timeout: 0 milliseconds
For documentation on this error, please visit: http://seleniumhq.org/exceptions/no_such_element.html
Build info: version: '3.13.0', revision: '2f0d292', time: '2018-06-25T15:24:21.231Z'
System info: host: 'DELL-PC', ip: '192.168.1.114', os.name: 'Windows 7', os.arch: 'amd64', os.version: '6.1', java.version: '1.8.0_161'
Driver info: org.openqa.selenium.chrome.ChromeDriver
Capabilities {acceptInsecureCerts: false, acceptSslCerts: false, applicationCacheEnabled: false, browserConnectionEnabled: false, browserName: chrome, chrome: {chromedriverVersion: 2.40.565498 (ea082db3280dd6..., userDataDir: C:\Users\DELL\AppData\Local...}, cssSelectorsEnabled: true, databaseEnabled: false, handlesAlerts: true, hasTouchScreen: false, javascriptEnabled: true, locationContextEnabled: true, mobileEmulationEnabled: false, nativeEvents: true, networkConnectionEnabled: false, pageLoadStrategy: normal, platform: XP, platformName: XP, rotatable: false, setWindowRect: true, takesHeapSnapshot: true, takesScreenshot: true, unexpectedAlertBehaviour: , unhandledPromptBehavior: , version: 67.0.3396.99, webStorageEnabled: true}
Session ID: f1859b41a6541df51a980b8a7093cacb
*** Element info: {Using=xpath, value=//p[contains(text(),'Thank you for your registration')]}
	at com.index.GeneralIndex.allvaliddata(GeneralIndex.java:320)
</failure>
    <system-out><![CDATA[TEST PASSED - invalidemailid

here is test status--------------------1
======Abstract Page======
======Abstract Page======
TestData URL :: http://demoqa.com/registration/
Current Window Handle ID : --->>CDwindow-50FCE45AF76DD0B0BF6F3680409C84A6
Current Xml Suite is:---->Registration Form Fill up
To verify that user is able to register with all valid details
--------------------------------------------------------------------------
Step 1. open : http://demoqa.com/registration/
--->Home page open
Step 2. Enter Valid First Name
Call getURL.......
full path C:\Users\DELL\git\practice_local\Practice_NG_MVN_FRMWORK\resources\Workbook.xlsx con C:\Users\DELL\git\practice_local\Practice_NG_MVN_FRMWORK\resources\Workbook.xlsx
--->Enter Invalid Emailid = vipul <---
======Abstract Page======
Step 3. Enter Valid Last Name
Call getURL.......
full path C:\Users\DELL\git\practice_local\Practice_NG_MVN_FRMWORK\resources\Workbook.xlsx con C:\Users\DELL\git\practice_local\Practice_NG_MVN_FRMWORK\resources\Workbook.xlsx
--->Enter Invalid Emailid = patel <---
======Abstract Page======
Step 4. Select Marital Status
--->Selected Maritalstatus = single <---
--->Selected Maritalstatus = married <---
--->Selected Maritalstatus = divorced <---
======Abstract Page======
Step 5. Select Hobby
--->Selected Hobby = dance <---
--->Selected Hobby = reading <---
--->Selected Hobby = cricket <---
======Abstract Page======
Step 6. Select Country
---> Selected Country = Indian <---
======Abstract Page======
Step 7. Select Date of Birth
--->Selected Date Of Birth = 12/30/1982 <---
======Abstract Page======
Step 8. Enter Valid Phone Number
Call getURL.......
full path C:\Users\DELL\git\practice_local\Practice_NG_MVN_FRMWORK\resources\Workbook.xlsx con C:\Users\DELL\git\practice_local\Practice_NG_MVN_FRMWORK\resources\Workbook.xlsx
--->Enter Valid Phone Number = 9876543210 <---
======Abstract Page======
Step 9. Enter Valid User Name
Call getURL.......
full path C:\Users\DELL\git\practice_local\Practice_NG_MVN_FRMWORK\resources\Workbook.xlsx con C:\Users\DELL\git\practice_local\Practice_NG_MVN_FRMWORK\resources\Workbook.xlsx
--->Enter Valid User Name = vipulkiwiqa321 <---
======Abstract Page======
Step 10. Enter Valid Emailid
Call getURL.......
full path C:\Users\DELL\git\practice_local\Practice_NG_MVN_FRMWORK\resources\Workbook.xlsx con C:\Users\DELL\git\practice_local\Practice_NG_MVN_FRMWORK\resources\Workbook.xlsx
--->Enter Valid Emailid = kiwiqatestvipul@gmail.com <---
======Abstract Page======
Step 11. Select Your Profile Picture
--->Selected Profile Picture From  = C:/Users/Public/Pictures/Sample Pictures/Tulips.jpg <---
======Abstract Page======
Step 12. Enter About YourSelf
Call getURL.......
full path C:\Users\DELL\git\practice_local\Practice_NG_MVN_FRMWORK\resources\Workbook.xlsx con C:\Users\DELL\git\practice_local\Practice_NG_MVN_FRMWORK\resources\Workbook.xlsx
Call getURL.......
full path C:\Users\DELL\git\practice_local\Practice_NG_MVN_FRMWORK\resources\Workbook.xlsx con C:\Users\DELL\git\practice_local\Practice_NG_MVN_FRMWORK\resources\Workbook.xlsx
--->About YourSelf  = hello, I am working in kiwiqa <---
======Abstract Page======
Step 13. Enter Valid Password
Call getURL.......
full path C:\Users\DELL\git\practice_local\Practice_NG_MVN_FRMWORK\resources\Workbook.xlsx con C:\Users\DELL\git\practice_local\Practice_NG_MVN_FRMWORK\resources\Workbook.xlsx
--->Enter Invalid Password = kiwiqa123456 <---
======Abstract Page======
Step 14. Enter Valid Confirm Password
Call getURL.......
full path C:\Users\DELL\git\practice_local\Practice_NG_MVN_FRMWORK\resources\Workbook.xlsx con C:\Users\DELL\git\practice_local\Practice_NG_MVN_FRMWORK\resources\Workbook.xlsx
--->Enter Confrim Password = kiwiqa123456 <---
======Abstract Page======
Step 15. Click on Submit button
======Abstract Page======
]]></system-out>
    <system-err><![CDATA[Aug 03, 2018 3:49:08 PM org.openqa.selenium.remote.DesiredCapabilities chrome
INFO: Using `new ChromeOptions()` is preferred to `DesiredCapabilities.chrome()`
Starting ChromeDriver 2.40.565498 (ea082db3280dd6843ebfb08a625e3eb905c4f5ab) on port 21622
Only local connections are allowed.
Aug 03, 2018 3:49:11 PM org.openqa.selenium.remote.ProtocolHandshake createSession
INFO: Detected dialect: OSS
]]></system-err>
  </testcase>
  <testcase name="usernamealreadyexist" classname="com.index.GeneralIndex" time="56.039"/>
  <testcase name="emailidalreadyexist" classname="com.index.GeneralIndex" time="57.258"/>
  <testcase name="purchaseorcheckout" classname="com.index.GeneralIndex" time="132.805">
    <failure message="chrome not reachable&#10;  (Session info: chrome=67.0.3396.99)&#10;  (Driver info: chromedriver=2.40.565498 (ea082db3280dd6843ebfb08a625e3eb905c4f5ab),platform=Windows NT 6.1.7601 SP1 x86_64) (WARNING: The server did not provide any stacktrace information)&#10;Command duration or timeout: 0 milliseconds&#10;Build info: version: &apos;3.13.0&apos;, revision: &apos;2f0d292&apos;, time: &apos;2018-06-25T15:24:21.231Z&apos;&#10;System info: host: &apos;DELL-PC&apos;, ip: &apos;192.168.1.114&apos;, os.name: &apos;Windows 7&apos;, os.arch: &apos;amd64&apos;, os.version: &apos;6.1&apos;, java.version: &apos;1.8.0_161&apos;&#10;Driver info: org.openqa.selenium.chrome.ChromeDriver&#10;Capabilities {acceptInsecureCerts: false, acceptSslCerts: false, applicationCacheEnabled: false, browserConnectionEnabled: false, browserName: chrome, chrome: {chromedriverVersion: 2.40.565498 (ea082db3280dd6..., userDataDir: C:\Users\DELL\AppData\Local...}, cssSelectorsEnabled: true, databaseEnabled: false, handlesAlerts: true, hasTouchScreen: false, javascriptEnabled: true, locationContextEnabled: true, mobileEmulationEnabled: false, nativeEvents: true, networkConnectionEnabled: false, pageLoadStrategy: normal, platform: XP, platformName: XP, rotatable: false, setWindowRect: true, takesHeapSnapshot: true, takesScreenshot: true, unexpectedAlertBehaviour: , unhandledPromptBehavior: , version: 67.0.3396.99, webStorageEnabled: true}&#10;Session ID: e6acf6838eda477150a481d79c75ec34&#10;*** Element info: {Using=xpath, value=//*[@id=&apos;checkout_page_container&apos;]/div[1]/table/tbody/tr[2]/td[3]/form/input[1]}" type="org.openqa.selenium.WebDriverException">org.openqa.selenium.WebDriverException: 
chrome not reachable
  (Session info: chrome=67.0.3396.99)
  (Driver info: chromedriver=2.40.565498 (ea082db3280dd6843ebfb08a625e3eb905c4f5ab),platform=Windows NT 6.1.7601 SP1 x86_64) (WARNING: The server did not provide any stacktrace information)
Command duration or timeout: 0 milliseconds
Build info: version: '3.13.0', revision: '2f0d292', time: '2018-06-25T15:24:21.231Z'
System info: host: 'DELL-PC', ip: '192.168.1.114', os.name: 'Windows 7', os.arch: 'amd64', os.version: '6.1', java.version: '1.8.0_161'
Driver info: org.openqa.selenium.chrome.ChromeDriver
Capabilities {acceptInsecureCerts: false, acceptSslCerts: false, applicationCacheEnabled: false, browserConnectionEnabled: false, browserName: chrome, chrome: {chromedriverVersion: 2.40.565498 (ea082db3280dd6..., userDataDir: C:\Users\DELL\AppData\Local...}, cssSelectorsEnabled: true, databaseEnabled: false, handlesAlerts: true, hasTouchScreen: false, javascriptEnabled: true, locationContextEnabled: true, mobileEmulationEnabled: false, nativeEvents: true, networkConnectionEnabled: false, pageLoadStrategy: normal, platform: XP, platformName: XP, rotatable: false, setWindowRect: true, takesHeapSnapshot: true, takesScreenshot: true, unexpectedAlertBehaviour: , unhandledPromptBehavior: , version: 67.0.3396.99, webStorageEnabled: true}
Session ID: e6acf6838eda477150a481d79c75ec34
*** Element info: {Using=xpath, value=//*[@id='checkout_page_container']/div[1]/table/tbody/tr[2]/td[3]/form/input[1]}
	at com.index.GeneralIndex.purchaseorcheckout(GeneralIndex.java:587)
</failure>
    <system-out><![CDATA[TEST PASSED - emailidalreadyexist

here is test status--------------------1
======Abstract Page======
======Abstract Page======
TestData URL ::  http://toolsqa.com
Current Window Handle ID : --->>CDwindow-92CDD4AEB4252C01EAFBE4FDECD8CE82
Current Xml Suite is:---->Demo Frame Work- Test Suite 1
To verify that user is able to checkout with all valid fields 
--------------------------------------------------------------------------
Step 1. open : http://toolsqa.com
Step 2. click on Demo Sites Menu
======Abstract Page======
Step 3. click on E Commerce Demo site link
[CDwindow-92CDD4AEB4252C01EAFBE4FDECD8CE82, CDwindow-68A17870C3892E09AA7A18DBD648AE65]
CDwindow-92CDD4AEB4252C01EAFBE4FDECD8CE82
======Abstract Page======
--->  E Commerce Demo site Home page is opened  <---
Step 4. Mouse Hover on Product Category
======Abstract Page======
Step 5. Click on ipads link
======Abstract Page======
Step 6. Click on any product and open the product detail page
======Abstract Page======
Step 7. Add product to the CART
======Abstract Page======
Step 8. Open the Cart
======Abstract Page======
Verify that product added to the cart
---> Product is added to the cart <---
Step 9. Update the quantity of the product from 1 to 2
]]></system-out>
    <system-err><![CDATA[Aug 03, 2018 3:53:22 PM org.openqa.selenium.remote.DesiredCapabilities chrome
INFO: Using `new ChromeOptions()` is preferred to `DesiredCapabilities.chrome()`
Starting ChromeDriver 2.40.565498 (ea082db3280dd6843ebfb08a625e3eb905c4f5ab) on port 24293
Only local connections are allowed.
Aug 03, 2018 3:53:24 PM org.openqa.selenium.remote.ProtocolHandshake createSession
INFO: Detected dialect: OSS
[1533291956.048][WARNING]: Timed out connecting to Chrome, retrying...
]]></system-err>
  </testcase>
</testsuite>